<?xml version="1.0" encoding="UTF-8"?>
<!-- Generated by org.testng.reporters.JUnitXMLReporter -->
<testsuite ignored="0" hostname="LAPTOP-CQ987UJH" failures="0" tests="3" name="Test2" time="0.009" errors="0" timestamp="2024-05-28T20:00:11 IST">
  <testcase classname="Section5_2_TestNG_beforeAfterTest_suite.Class2" name="xyz" time="0.0"/>
  <testcase classname="Section5_2_TestNG_beforeAfterTest_suite.Class3" name="pqr" time="0.002"/>
  <testcase classname="Section5_2_TestNG_beforeAfterTest_suite.Class1" name="abc" time="0.001"/>
</testsuite> <!-- Test2 -->
