<?xml version="1.0" encoding="UTF-8"?>
<!-- Generated by org.testng.reporters.JUnitXMLReporter -->
<testsuite ignored="5" hostname="LAPTOP-CQ987UJH" failures="0" tests="3" name="Test" time="0.051" errors="0" timestamp="2024-05-29T16:36:56 IST">
  <testcase classname="section_4_TestN_DependencyGrouping.LoginTestfor_Grouping" name="loginByEmail" time="0.007"/>
  <testcase classname="section_4_TestN_DependencyGrouping.LoginTestfor_Grouping" name="loginByFacebook" time="0.001"/>
  <testcase classname="section_4_TestN_DependencyGrouping.LoginTestfor_Grouping" name="loginBytwitter" time="0.001"/>
  <testcase classname="section_4_TestN_DependencyGrouping.PaymentTestfor_Grouping" name="paymentinDollars" time="0.0">
    <ignored/>
  </testcase> <!-- paymentinDollars -->
  <testcase classname="section_4_TestN_DependencyGrouping.SignupTestfor_Grouping" name="signupByFacebook" time="0.0">
    <ignored/>
  </testcase> <!-- signupByFacebook -->
  <testcase classname="section_4_TestN_DependencyGrouping.SignupTestfor_Grouping" name="signupByEmail" time="0.0">
    <ignored/>
  </testcase> <!-- signupByEmail -->
  <testcase classname="section_4_TestN_DependencyGrouping.SignupTestfor_Grouping" name="signupBytwitter" time="0.0">
    <ignored/>
  </testcase> <!-- signupBytwitter -->
  <testcase classname="section_4_TestN_DependencyGrouping.PaymentTestfor_Grouping" name="paymentinRupees" time="0.0">
    <ignored/>
  </testcase> <!-- paymentinRupees -->
</testsuite> <!-- Test -->
