<?xml version="1.0" encoding="UTF-8"?>
<!-- Generated by org.testng.reporters.JUnitXMLReporter -->
<testsuite ignored="0" hostname="LAPTOP-CQ987UJH" failures="0" tests="3" name="mytest" time="0.046" errors="0" timestamp="2024-05-28T14:55:24 IST">
  <testcase classname="Section5_TestNG.FirstTest" name="M1" time="0.007"/>
  <testcase classname="Section5_TestNG.FirstTest" name="A1" time="0.002"/>
  <testcase classname="Section5_TestNG.FirstTest" name="A2" time="0.002"/>
</testsuite> <!-- mytest -->
